<?xml version="1.0" encoding="UTF-8"?>
<testng-results ignored="0" total="1" passed="1" failed="0" skipped="0">
  <reporter-output>
  </reporter-output>
  <suite started-at="2021-10-30T17:53:21 IST" name="Suite" finished-at="2021-10-30T17:53:21 IST" duration-ms="69">
    <groups>
    </groups>
    <test started-at="2021-10-30T17:53:21 IST" name="base" finished-at="2021-10-30T17:53:21 IST" duration-ms="69">
      <class name="base.baseclass">
        <test-method signature="test()[pri:0, instance:base.baseclass@757277dc]" started-at="2021-10-30T17:53:21 IST" name="test" finished-at="2021-10-30T17:53:21 IST" duration-ms="6" status="PASS">
          <reporter-output>
          </reporter-output>
        </test-method> <!-- test -->
      </class> <!-- base.baseclass -->
    </test> <!-- base -->
  </suite> <!-- Suite -->
</testng-results>
